-------------------------------------------------------------------------------
Test set: seleniumwebapptesting.safari.SortAndFilterSafariTest
-------------------------------------------------------------------------------
Tests run: 4, Failures: 1, Errors: 0, Skipped: 0, Time elapsed: 17.446 s <<< FAILURE! - in seleniumwebapptesting.safari.SortAndFilterSafariTest
seleniumwebapptesting.safari.SortAndFilterSafariTest.testSortingByPrice  Time elapsed: 3.735 s  <<< FAILURE!
java.lang.AssertionError: Prices are not in ascending order
	at seleniumwebapptesting.safari.SortAndFilterSafariTest.testSortingByPrice(SortAndFilterSafariTest.java:52)

