<!DOCTYPE html>
<!--
 | Generated by Apache Maven Doxia Site Renderer 1.9.2 at 2023-11-26

 | Rendered using Apache Maven Default Skin
-->
<html xmlns="http://www.w3.org/1999/xhtml" xml:lang="en" lang="en">
  <head>
    <meta charset="UTF-8" />
    <meta name="viewport" content="width=device-width, initial-scale=1.0" />
    <meta name="generator" content="Apache Maven Doxia Site Renderer 1.9.2" />
    <title>Surefire Report</title>
    <link rel="stylesheet" href="./css/maven-base.css" />
    <link rel="stylesheet" href="./css/maven-theme.css" />
    <link rel="stylesheet" href="./css/site.css" />
    <link rel="stylesheet" href="./css/print.css" media="print" />
  </head>
  <body class="composite">
    <div id="banner">
      <div class="clear">
        <hr/>
      </div>
    </div>
    <div id="breadcrumbs">
      <div class="xleft">
        <span id="publishDate">Last Published: 2023-11-26</span>
          &#xA0;| <span id="projectVersion">Version: 1.0-SNAPSHOT</span>
      </div>
      <div class="xright">      </div>
      <div class="clear">
        <hr/>
      </div>
    </div>
    <div id="leftColumn">
      <div id="navcolumn">
      <a href="http://maven.apache.org/" title="Built by Maven" class="poweredBy">
        <img class="poweredBy" alt="Built by Maven" src="./images/logos/maven-feather.png" />
      </a>
      </div>
    </div>
    <div id="bodyColumn">
      <div id="contentBox">
<script type="application/javascript">
//<![CDATA[
function toggleDisplay(elementId) {
 var elm = document.getElementById(elementId + '-error');
 if (elm == null) {
  elm = document.getElementById(elementId + '-failure');
 }
 if (elm && typeof elm.style != "undefined") {
  if (elm.style.display == "none") {
   elm.style.display = "";
   document.getElementById(elementId + '-off').style.display = "none";
   document.getElementById(elementId + '-on').style.display = "inline";
  } else if (elm.style.display == "") {   elm.style.display = "none";
   document.getElementById(elementId + '-off').style.display = "inline";
   document.getElementById(elementId + '-on').style.display = "none";
  } 
 } 
 }
//]]>
</script><section>
<h2><a name="Surefire_Report"></a>Surefire Report</h2></section><section>
<h2><a name="Summary"></a>Summary</h2><a name="Summary"></a>
<p>[<a href="#Summary">Summary</a>] [<a href="#Package_List">Package List</a>] [<a href="#Test_Cases">Test Cases</a>]</p><br />
<table border="1" class="bodyTable">
<tr class="a">
<th>Tests</th>
<th>Errors</th>
<th>Failures</th>
<th>Skipped</th>
<th>Success Rate</th>
<th>Time</th></tr>
<tr class="b">
<td>44</td>
<td>12</td>
<td>5</td>
<td>0</td>
<td>61.364%</td>
<td>315.666</td></tr></table><br />
<p>Note: failures are anticipated and checked for with assertions while errors are unanticipated.</p><br /></section><section>
<h2><a name="Package_List"></a>Package List</h2><a name="Package_List"></a>
<p>[<a href="#Summary">Summary</a>] [<a href="#Package_List">Package List</a>] [<a href="#Test_Cases">Test Cases</a>]</p><br />
<table border="1" class="bodyTable">
<tr class="a">
<th>Package</th>
<th>Tests</th>
<th>Errors</th>
<th>Failures</th>
<th>Skipped</th>
<th>Success Rate</th>
<th>Time</th></tr>
<tr class="b">
<td><a href="#seleniumwebapptesting.safari">seleniumwebapptesting.safari</a></td>
<td>22</td>
<td>11</td>
<td>4</td>
<td>0</td>
<td>31.818%</td>
<td>125.182</td></tr>
<tr class="a">
<td><a href="#seleniumwebapptesting.chrome">seleniumwebapptesting.chrome</a></td>
<td>22</td>
<td>1</td>
<td>1</td>
<td>0</td>
<td>90.909%</td>
<td>190.484</td></tr></table><br />
<p>Note: package statistics are not computed recursively, they only sum up all of its testsuites numbers.</p><section>
<h3><a name="seleniumwebapptesting.safari"></a>seleniumwebapptesting.safari</h3><a name="seleniumwebapptesting.safari"></a>
<table border="1" class="bodyTable">
<tr class="a">
<th></th>
<th>Class</th>
<th>Tests</th>
<th>Errors</th>
<th>Failures</th>
<th>Skipped</th>
<th>Success Rate</th>
<th>Time</th></tr>
<tr class="b">
<td><a href="#seleniumwebapptesting.safari.CartFunctionalitySafariTest"><figure><img src="images/icon_error_sml.gif" alt="" /></figure></a></td>
<td><a href="#seleniumwebapptesting.safari.CartFunctionalitySafariTest">CartFunctionalitySafariTest</a></td>
<td>4</td>
<td>2</td>
<td>1</td>
<td>0</td>
<td>25%</td>
<td>44.734</td></tr>
<tr class="a">
<td><a href="#seleniumwebapptesting.safari.SearchingSafariTest"><figure><img src="images/icon_error_sml.gif" alt="" /></figure></a></td>
<td><a href="#seleniumwebapptesting.safari.SearchingSafariTest">SearchingSafariTest</a></td>
<td>3</td>
<td>3</td>
<td>0</td>
<td>0</td>
<td>0%</td>
<td>11.11</td></tr>
<tr class="b">
<td><a href="#seleniumwebapptesting.safari.ProductListingSafariTest"><figure><img src="images/icon_error_sml.gif" alt="" /></figure></a></td>
<td><a href="#seleniumwebapptesting.safari.ProductListingSafariTest">ProductListingSafariTest</a></td>
<td>3</td>
<td>2</td>
<td>0</td>
<td>0</td>
<td>33.333%</td>
<td>9.696</td></tr>
<tr class="a">
<td><a href="#seleniumwebapptesting.safari.NavigationSafariTest"><figure><img src="images/icon_warning_sml.gif" alt="" /></figure></a></td>
<td><a href="#seleniumwebapptesting.safari.NavigationSafariTest">NavigationSafariTest</a></td>
<td>4</td>
<td>0</td>
<td>2</td>
<td>0</td>
<td>50%</td>
<td>15.708</td></tr>
<tr class="b">
<td><a href="#seleniumwebapptesting.safari.UserAccountSafariTest"><figure><img src="images/icon_error_sml.gif" alt="" /></figure></a></td>
<td><a href="#seleniumwebapptesting.safari.UserAccountSafariTest">UserAccountSafariTest</a></td>
<td>4</td>
<td>4</td>
<td>0</td>
<td>0</td>
<td>0%</td>
<td>26.488</td></tr>
<tr class="a">
<td><a href="#seleniumwebapptesting.safari.SortAndFilterSafariTest"><figure><img src="images/icon_warning_sml.gif" alt="" /></figure></a></td>
<td><a href="#seleniumwebapptesting.safari.SortAndFilterSafariTest">SortAndFilterSafariTest</a></td>
<td>4</td>
<td>0</td>
<td>1</td>
<td>0</td>
<td>75%</td>
<td>17.446</td></tr></table></section><section>
<h3><a name="seleniumwebapptesting.chrome"></a>seleniumwebapptesting.chrome</h3><a name="seleniumwebapptesting.chrome"></a>
<table border="1" class="bodyTable">
<tr class="a">
<th></th>
<th>Class</th>
<th>Tests</th>
<th>Errors</th>
<th>Failures</th>
<th>Skipped</th>
<th>Success Rate</th>
<th>Time</th></tr>
<tr class="b">
<td><a href="#seleniumwebapptesting.chrome.UserAccountChromeTest"><figure><img src="images/icon_error_sml.gif" alt="" /></figure></a></td>
<td><a href="#seleniumwebapptesting.chrome.UserAccountChromeTest">UserAccountChromeTest</a></td>
<td>4</td>
<td>1</td>
<td>0</td>
<td>0</td>
<td>75%</td>
<td>47.528</td></tr>
<tr class="a">
<td><a href="#seleniumwebapptesting.chrome.SearchingChromeTest"><figure><img src="images/icon_success_sml.gif" alt="" /></figure></a></td>
<td><a href="#seleniumwebapptesting.chrome.SearchingChromeTest">SearchingChromeTest</a></td>
<td>3</td>
<td>0</td>
<td>0</td>
<td>0</td>
<td>100%</td>
<td>24.926</td></tr>
<tr class="b">
<td><a href="#seleniumwebapptesting.chrome.ProductListingChromeTest"><figure><img src="images/icon_success_sml.gif" alt="" /></figure></a></td>
<td><a href="#seleniumwebapptesting.chrome.ProductListingChromeTest">ProductListingChromeTest</a></td>
<td>3</td>
<td>0</td>
<td>0</td>
<td>0</td>
<td>100%</td>
<td>21.082</td></tr>
<tr class="a">
<td><a href="#seleniumwebapptesting.chrome.NavigationChromeTest"><figure><img src="images/icon_success_sml.gif" alt="" /></figure></a></td>
<td><a href="#seleniumwebapptesting.chrome.NavigationChromeTest">NavigationChromeTest</a></td>
<td>4</td>
<td>0</td>
<td>0</td>
<td>0</td>
<td>100%</td>
<td>28.726</td></tr>
<tr class="b">
<td><a href="#seleniumwebapptesting.chrome.SortAndFilterChromeTest"><figure><img src="images/icon_warning_sml.gif" alt="" /></figure></a></td>
<td><a href="#seleniumwebapptesting.chrome.SortAndFilterChromeTest">SortAndFilterChromeTest</a></td>
<td>4</td>
<td>0</td>
<td>1</td>
<td>0</td>
<td>75%</td>
<td>28.463</td></tr>
<tr class="a">
<td><a href="#seleniumwebapptesting.chrome.CartFunctionalityChromeTest"><figure><img src="images/icon_success_sml.gif" alt="" /></figure></a></td>
<td><a href="#seleniumwebapptesting.chrome.CartFunctionalityChromeTest">CartFunctionalityChromeTest</a></td>
<td>4</td>
<td>0</td>
<td>0</td>
<td>0</td>
<td>100%</td>
<td>39.759</td></tr></table></section><br /></section><section>
<h2><a name="Test_Cases"></a>Test Cases</h2><a name="Test_Cases"></a>
<p>[<a href="#Summary">Summary</a>] [<a href="#Package_List">Package List</a>] [<a href="#Test_Cases">Test Cases</a>]</p><section>
<h3><a name="CartFunctionalitySafariTest"></a>CartFunctionalitySafariTest</h3><a name="seleniumwebapptesting.safari.CartFunctionalitySafariTest"></a>
<table border="1" class="bodyTable">
<tr class="a">
<td><a href="#seleniumwebapptesting.safari.CartFunctionalitySafariTest.testRemoveProductFromCart"><figure><img src="images/icon_error_sml.gif" alt="" /></figure></a></td>
<td><a name="TC_seleniumwebapptesting.safari.CartFunctionalitySafariTest.testRemoveProductFromCart"></a><a href="#seleniumwebapptesting.safari.CartFunctionalitySafariTest.testRemoveProductFromCart">testRemoveProductFromCart</a>
<div class="detailToggle" style="display:inline"><a href="javascript:toggleDisplay('seleniumwebapptesting.safari.CartFunctionalitySafariTest.testRemoveProductFromCart');"><span style="display:inline;" id="seleniumwebapptesting.safari.CartFunctionalitySafariTest.testRemoveProductFromCart-off"> + </span><span style="display:none;" id="seleniumwebapptesting.safari.CartFunctionalitySafariTest.testRemoveProductFromCart-on"> - </span>[ Detail ]</a></div></td>
<td>30.905</td></tr>
<tr class="b">
<td></td>
<td>Product was not removed from the cart.</td>
<td></td></tr>
<tr class="a">
<td></td>
<td>
<div id="seleniumwebapptesting.safari.CartFunctionalitySafariTest.testRemoveProductFromCart-failure" style="display:none;">
<div>
<pre>java.lang.AssertionError: Product was not removed from the cart.
	at seleniumwebapptesting.safari.CartFunctionalitySafariTest.testRemoveProductFromCart(CartFunctionalitySafariTest.java:115)
</pre></div></div></td>
<td></td></tr>
<tr class="b">
<td><figure><img src="images/icon_success_sml.gif" alt="" /></figure></td>
<td><a name="TC_seleniumwebapptesting.safari.CartFunctionalitySafariTest.testCheckoutProcess"></a>testCheckoutProcess</td>
<td>7.187</td></tr>
<tr class="a">
<td><a href="#seleniumwebapptesting.safari.CartFunctionalitySafariTest.testAddProductToCart"><figure><img src="images/icon_error_sml.gif" alt="" /></figure></a></td>
<td><a name="TC_seleniumwebapptesting.safari.CartFunctionalitySafariTest.testAddProductToCart"></a><a href="#seleniumwebapptesting.safari.CartFunctionalitySafariTest.testAddProductToCart">testAddProductToCart</a>
<div class="detailToggle" style="display:inline"><a href="javascript:toggleDisplay('seleniumwebapptesting.safari.CartFunctionalitySafariTest.testAddProductToCart');"><span style="display:inline;" id="seleniumwebapptesting.safari.CartFunctionalitySafariTest.testAddProductToCart-off"> + </span><span style="display:none;" id="seleniumwebapptesting.safari.CartFunctionalitySafariTest.testAddProductToCart-on"> - </span>[ Detail ]</a></div></td>
<td>3.301</td></tr>
<tr class="b">
<td></td>
<td>Build info: version: '4.14.1', revision: '03f8ede370'
System info: os.name: 'Mac OS X', os.arch: 'x86_64', os.version: '12.1', java.version: '19.0.2'
Driver info: org.openqa.selenium.safari.SafariDriver
Command: [47F2D659-ACB9-4D53-957F-604B2C37761B, clickElement {id=node-CBB905A9-DA3F-405F-80F8-A2A0BC6B98F4}]
Capabilities {acceptInsecureCerts: false, browserName: Safari, browserVersion: 15.2, platformName: mac, safari:automaticInspection: false, safari:automaticProfiling: false, safari:diagnose: false, safari:platformBuildVersion: 21C52, safari:platformVersion: 12.1, safari:useSimulator: false, setWindowRect: true, strictFileInteractability: false, webkit:WebRTC: {DisableICECandidateFiltering: false, DisableInsecureMediaCapture: false}}
Element: [[[[SafariDriver: Safari on mac (47F2D659-ACB9-4D53-957F-604B2C37761B)] -&gt; css selector: .product-item:first-child]] -&gt; xpath: //div[@option-label='28']]
Session ID: 47F2D659-ACB9-4D53-957F-604B2C37761B</td>
<td></td></tr>
<tr class="a">
<td></td>
<td>
<div id="seleniumwebapptesting.safari.CartFunctionalitySafariTest.testAddProductToCart-error" style="display:none;">
<div>
<pre>org.openqa.selenium.ElementNotInteractableException: 
Build info: version: '4.14.1', revision: '03f8ede370'
System info: os.name: 'Mac OS X', os.arch: 'x86_64', os.version: '12.1', java.version: '19.0.2'
Driver info: org.openqa.selenium.safari.SafariDriver
Command: [47F2D659-ACB9-4D53-957F-604B2C37761B, clickElement {id=node-CBB905A9-DA3F-405F-80F8-A2A0BC6B98F4}]
Capabilities {acceptInsecureCerts: false, browserName: Safari, browserVersion: 15.2, platformName: mac, safari:automaticInspection: false, safari:automaticProfiling: false, safari:diagnose: false, safari:platformBuildVersion: 21C52, safari:platformVersion: 12.1, safari:useSimulator: false, setWindowRect: true, strictFileInteractability: false, webkit:WebRTC: {DisableICECandidateFiltering: false, DisableInsecureMediaCapture: false}}
Element: [[[[SafariDriver: Safari on mac (47F2D659-ACB9-4D53-957F-604B2C37761B)] -&gt; css selector: .product-item:first-child]] -&gt; xpath: //div[@option-label='28']]
Session ID: 47F2D659-ACB9-4D53-957F-604B2C37761B
	at seleniumwebapptesting.safari.CartFunctionalitySafariTest.testAddProductToCart(CartFunctionalitySafariTest.java:39)
</pre></div></div></td>
<td></td></tr>
<tr class="b">
<td><a href="#seleniumwebapptesting.safari.CartFunctionalitySafariTest.testCartTotalUpdate"><figure><img src="images/icon_error_sml.gif" alt="" /></figure></a></td>
<td><a name="TC_seleniumwebapptesting.safari.CartFunctionalitySafariTest.testCartTotalUpdate"></a><a href="#seleniumwebapptesting.safari.CartFunctionalitySafariTest.testCartTotalUpdate">testCartTotalUpdate</a>
<div class="detailToggle" style="display:inline"><a href="javascript:toggleDisplay('seleniumwebapptesting.safari.CartFunctionalitySafariTest.testCartTotalUpdate');"><span style="display:inline;" id="seleniumwebapptesting.safari.CartFunctionalitySafariTest.testCartTotalUpdate-off"> + </span><span style="display:none;" id="seleniumwebapptesting.safari.CartFunctionalitySafariTest.testCartTotalUpdate-on"> - </span>[ Detail ]</a></div></td>
<td>3.245</td></tr>
<tr class="a">
<td></td>
<td>A node reference could not be resolved: Node with identifier 'node-8EAD6886-8FE4-4807-A5C6-2C40F59CDD7E' was not found
For documentation on this error, please visit: https://www.selenium.dev/documentation/webdriver/troubleshooting/errors#stale-element-reference-exception
Build info: version: '4.14.1', revision: '03f8ede370'
System info: os.name: 'Mac OS X', os.arch: 'x86_64', os.version: '12.1', java.version: '19.0.2'
Driver info: org.openqa.selenium.safari.SafariDriver
Command: [742E0214-7663-470E-8961-233A8692D4B8, getElementText {id=node-8EAD6886-8FE4-4807-A5C6-2C40F59CDD7E}]
Capabilities {acceptInsecureCerts: false, browserName: Safari, browserVersion: 15.2, platformName: mac, safari:automaticInspection: false, safari:automaticProfiling: false, safari:diagnose: false, safari:platformBuildVersion: 21C52, safari:platformVersion: 12.1, safari:useSimulator: false, setWindowRect: true, strictFileInteractability: false, webkit:WebRTC: {DisableICECandidateFiltering: false, DisableInsecureMediaCapture: false}}
Element: [[[[SafariDriver: Safari on mac (742E0214-7663-470E-8961-233A8692D4B8)] -&gt; css selector: .product-item]] -&gt; css selector: .price-box .price]
Session ID: 742E0214-7663-470E-8961-233A8692D4B8</td>
<td></td></tr>
<tr class="b">
<td></td>
<td>
<div id="seleniumwebapptesting.safari.CartFunctionalitySafariTest.testCartTotalUpdate-error" style="display:none;">
<div>
<pre>org.openqa.selenium.StaleElementReferenceException: 
A node reference could not be resolved: Node with identifier 'node-8EAD6886-8FE4-4807-A5C6-2C40F59CDD7E' was not found
For documentation on this error, please visit: https://www.selenium.dev/documentation/webdriver/troubleshooting/errors#stale-element-reference-exception
Build info: version: '4.14.1', revision: '03f8ede370'
System info: os.name: 'Mac OS X', os.arch: 'x86_64', os.version: '12.1', java.version: '19.0.2'
Driver info: org.openqa.selenium.safari.SafariDriver
Command: [742E0214-7663-470E-8961-233A8692D4B8, getElementText {id=node-8EAD6886-8FE4-4807-A5C6-2C40F59CDD7E}]
Capabilities {acceptInsecureCerts: false, browserName: Safari, browserVersion: 15.2, platformName: mac, safari:automaticInspection: false, safari:automaticProfiling: false, safari:diagnose: false, safari:platformBuildVersion: 21C52, safari:platformVersion: 12.1, safari:useSimulator: false, setWindowRect: true, strictFileInteractability: false, webkit:WebRTC: {DisableICECandidateFiltering: false, DisableInsecureMediaCapture: false}}
Element: [[[[SafariDriver: Safari on mac (742E0214-7663-470E-8961-233A8692D4B8)] -&gt; css selector: .product-item]] -&gt; css selector: .price-box .price]
Session ID: 742E0214-7663-470E-8961-233A8692D4B8
	at seleniumwebapptesting.safari.CartFunctionalitySafariTest.testCartTotalUpdate(CartFunctionalitySafariTest.java:126)
</pre></div></div></td>
<td></td></tr></table></section><section>
<h3><a name="UserAccountChromeTest"></a>UserAccountChromeTest</h3><a name="seleniumwebapptesting.chrome.UserAccountChromeTest"></a>
<table border="1" class="bodyTable">
<tr class="a">
<td><figure><img src="images/icon_success_sml.gif" alt="" /></figure></td>
<td><a name="TC_seleniumwebapptesting.chrome.UserAccountChromeTest.testUserLoginSuccess"></a>testUserLoginSuccess</td>
<td>9.17</td></tr>
<tr class="b">
<td><figure><img src="images/icon_success_sml.gif" alt="" /></figure></td>
<td><a name="TC_seleniumwebapptesting.chrome.UserAccountChromeTest.testUserRegistrationFail"></a>testUserRegistrationFail</td>
<td>9.636</td></tr>
<tr class="a">
<td><a href="#seleniumwebapptesting.chrome.UserAccountChromeTest.testUserRegistrationSuccess"><figure><img src="images/icon_error_sml.gif" alt="" /></figure></a></td>
<td><a name="TC_seleniumwebapptesting.chrome.UserAccountChromeTest.testUserRegistrationSuccess"></a><a href="#seleniumwebapptesting.chrome.UserAccountChromeTest.testUserRegistrationSuccess">testUserRegistrationSuccess</a>
<div class="detailToggle" style="display:inline"><a href="javascript:toggleDisplay('seleniumwebapptesting.chrome.UserAccountChromeTest.testUserRegistrationSuccess');"><span style="display:inline;" id="seleniumwebapptesting.chrome.UserAccountChromeTest.testUserRegistrationSuccess-off"> + </span><span style="display:none;" id="seleniumwebapptesting.chrome.UserAccountChromeTest.testUserRegistrationSuccess-on"> - </span>[ Detail ]</a></div></td>
<td>19.923</td></tr>
<tr class="b">
<td></td>
<td>Expected condition failed: waiting for presence of element located by: By.xpath: //div[contains(@class, 'message-success') and contains(@class, 'success')] (tried for 10 second(s) with 500 milliseconds interval)</td>
<td></td></tr>
<tr class="a">
<td></td>
<td>
<div id="seleniumwebapptesting.chrome.UserAccountChromeTest.testUserRegistrationSuccess-error" style="display:none;">
<div>
<pre>org.openqa.selenium.TimeoutException: Expected condition failed: waiting for presence of element located by: By.xpath: //div[contains(@class, 'message-success') and contains(@class, 'success')] (tried for 10 second(s) with 500 milliseconds interval)
	at seleniumwebapptesting.chrome.UserAccountChromeTest.testUserRegistrationSuccess(UserAccountChromeTest.java:62)
Caused by: org.openqa.selenium.NoSuchElementException: 
no such element: Unable to locate element: {&quot;method&quot;:&quot;xpath&quot;,&quot;selector&quot;:&quot;//div[contains(@class, 'message-success') and contains(@class, 'success')]&quot;}
  (Session info: chrome=119.0.6045.159)
For documentation on this error, please visit: https://www.selenium.dev/documentation/webdriver/troubleshooting/errors#no-such-element-exception
Build info: version: '4.14.1', revision: '03f8ede370'
System info: os.name: 'Mac OS X', os.arch: 'x86_64', os.version: '12.1', java.version: '19.0.2'
Driver info: org.openqa.selenium.chrome.ChromeDriver
Command: [20d9d423911259c563c39bd8908545d8, findElement {using=xpath, value=//div[contains(@class, 'message-success') and contains(@class, 'success')]}]
Capabilities {acceptInsecureCerts: false, browserName: chrome, browserVersion: 119.0.6045.159, chrome: {chromedriverVersion: 119.0.6045.105 (38c72552c5e..., userDataDir: /var/folders/8r/2tmgcldx3fl...}, fedcm:accounts: true, goog:chromeOptions: {debuggerAddress: localhost:58905}, networkConnectionEnabled: false, pageLoadStrategy: normal, platformName: mac, proxy: Proxy(), se:cdp: ws://localhost:58905/devtoo..., se:cdpVersion: 119.0.6045.159, setWindowRect: true, strictFileInteractability: false, timeouts: {implicit: 0, pageLoad: 300000, script: 30000}, unhandledPromptBehavior: dismiss and notify, webauthn:extension:credBlob: true, webauthn:extension:largeBlob: true, webauthn:extension:minPinLength: true, webauthn:extension:prf: true, webauthn:virtualAuthenticators: true}
Session ID: 20d9d423911259c563c39bd8908545d8
	at seleniumwebapptesting.chrome.UserAccountChromeTest.testUserRegistrationSuccess(UserAccountChromeTest.java:62)
</pre></div></div></td>
<td></td></tr>
<tr class="b">
<td><figure><img src="images/icon_success_sml.gif" alt="" /></figure></td>
<td><a name="TC_seleniumwebapptesting.chrome.UserAccountChromeTest.testUserLoginFail"></a>testUserLoginFail</td>
<td>8.792</td></tr></table></section><section>
<h3><a name="SearchingSafariTest"></a>SearchingSafariTest</h3><a name="seleniumwebapptesting.safari.SearchingSafariTest"></a>
<table border="1" class="bodyTable">
<tr class="a">
<td><a href="#seleniumwebapptesting.safari.SearchingSafariTest.testValidSearchResults"><figure><img src="images/icon_error_sml.gif" alt="" /></figure></a></td>
<td><a name="TC_seleniumwebapptesting.safari.SearchingSafariTest.testValidSearchResults"></a><a href="#seleniumwebapptesting.safari.SearchingSafariTest.testValidSearchResults">testValidSearchResults</a>
<div class="detailToggle" style="display:inline"><a href="javascript:toggleDisplay('seleniumwebapptesting.safari.SearchingSafariTest.testValidSearchResults');"><span style="display:inline;" id="seleniumwebapptesting.safari.SearchingSafariTest.testValidSearchResults-off"> + </span><span style="display:none;" id="seleniumwebapptesting.safari.SearchingSafariTest.testValidSearchResults-on"> - </span>[ Detail ]</a></div></td>
<td>3.71</td></tr>
<tr class="b">
<td></td>
<td>Build info: version: '4.14.1', revision: '03f8ede370'
System info: os.name: 'Mac OS X', os.arch: 'x86_64', os.version: '12.1', java.version: '19.0.2'
Driver info: org.openqa.selenium.safari.SafariDriver
Command: [8759848A-450F-4635-ADB9-961D0E5B5EB3, clickElement {id=node-02CB1BE2-D79A-4A5F-8B22-CFFC1994CD0D}]
Capabilities {acceptInsecureCerts: false, browserName: Safari, browserVersion: 15.2, platformName: mac, safari:automaticInspection: false, safari:automaticProfiling: false, safari:diagnose: false, safari:platformBuildVersion: 21C52, safari:platformVersion: 12.1, safari:useSimulator: false, setWindowRect: true, strictFileInteractability: false, webkit:WebRTC: {DisableICECandidateFiltering: false, DisableInsecureMediaCapture: false}}
Element: [[SafariDriver: Safari on mac (8759848A-450F-4635-ADB9-961D0E5B5EB3)] -&gt; css selector: button[title='Search']]
Session ID: 8759848A-450F-4635-ADB9-961D0E5B5EB3</td>
<td></td></tr>
<tr class="a">
<td></td>
<td>
<div id="seleniumwebapptesting.safari.SearchingSafariTest.testValidSearchResults-error" style="display:none;">
<div>
<pre>org.openqa.selenium.ElementNotInteractableException: 
Build info: version: '4.14.1', revision: '03f8ede370'
System info: os.name: 'Mac OS X', os.arch: 'x86_64', os.version: '12.1', java.version: '19.0.2'
Driver info: org.openqa.selenium.safari.SafariDriver
Command: [8759848A-450F-4635-ADB9-961D0E5B5EB3, clickElement {id=node-02CB1BE2-D79A-4A5F-8B22-CFFC1994CD0D}]
Capabilities {acceptInsecureCerts: false, browserName: Safari, browserVersion: 15.2, platformName: mac, safari:automaticInspection: false, safari:automaticProfiling: false, safari:diagnose: false, safari:platformBuildVersion: 21C52, safari:platformVersion: 12.1, safari:useSimulator: false, setWindowRect: true, strictFileInteractability: false, webkit:WebRTC: {DisableICECandidateFiltering: false, DisableInsecureMediaCapture: false}}
Element: [[SafariDriver: Safari on mac (8759848A-450F-4635-ADB9-961D0E5B5EB3)] -&gt; css selector: button[title='Search']]
Session ID: 8759848A-450F-4635-ADB9-961D0E5B5EB3
	at seleniumwebapptesting.safari.SearchingSafariTest.testValidSearchResults(SearchingSafariTest.java:60)
</pre></div></div></td>
<td></td></tr>
<tr class="b">
<td><a href="#seleniumwebapptesting.safari.SearchingSafariTest.testSearchBarFunctionality"><figure><img src="images/icon_error_sml.gif" alt="" /></figure></a></td>
<td><a name="TC_seleniumwebapptesting.safari.SearchingSafariTest.testSearchBarFunctionality"></a><a href="#seleniumwebapptesting.safari.SearchingSafariTest.testSearchBarFunctionality">testSearchBarFunctionality</a>
<div class="detailToggle" style="display:inline"><a href="javascript:toggleDisplay('seleniumwebapptesting.safari.SearchingSafariTest.testSearchBarFunctionality');"><span style="display:inline;" id="seleniumwebapptesting.safari.SearchingSafariTest.testSearchBarFunctionality-off"> + </span><span style="display:none;" id="seleniumwebapptesting.safari.SearchingSafariTest.testSearchBarFunctionality-on"> - </span>[ Detail ]</a></div></td>
<td>3.652</td></tr>
<tr class="a">
<td></td>
<td>Build info: version: '4.14.1', revision: '03f8ede370'
System info: os.name: 'Mac OS X', os.arch: 'x86_64', os.version: '12.1', java.version: '19.0.2'
Driver info: org.openqa.selenium.safari.SafariDriver
Command: [C66EA157-011B-4F5D-8567-63BFA6833011, clickElement {id=node-A4E7A7D4-38C0-4AF9-A0D2-764E73010987}]
Capabilities {acceptInsecureCerts: false, browserName: Safari, browserVersion: 15.2, platformName: mac, safari:automaticInspection: false, safari:automaticProfiling: false, safari:diagnose: false, safari:platformBuildVersion: 21C52, safari:platformVersion: 12.1, safari:useSimulator: false, setWindowRect: true, strictFileInteractability: false, webkit:WebRTC: {DisableICECandidateFiltering: false, DisableInsecureMediaCapture: false}}
Element: [[SafariDriver: Safari on mac (C66EA157-011B-4F5D-8567-63BFA6833011)] -&gt; css selector: button[title='Search']]
Session ID: C66EA157-011B-4F5D-8567-63BFA6833011</td>
<td></td></tr>
<tr class="b">
<td></td>
<td>
<div id="seleniumwebapptesting.safari.SearchingSafariTest.testSearchBarFunctionality-error" style="display:none;">
<div>
<pre>org.openqa.selenium.ElementNotInteractableException: 
Build info: version: '4.14.1', revision: '03f8ede370'
System info: os.name: 'Mac OS X', os.arch: 'x86_64', os.version: '12.1', java.version: '19.0.2'
Driver info: org.openqa.selenium.safari.SafariDriver
Command: [C66EA157-011B-4F5D-8567-63BFA6833011, clickElement {id=node-A4E7A7D4-38C0-4AF9-A0D2-764E73010987}]
Capabilities {acceptInsecureCerts: false, browserName: Safari, browserVersion: 15.2, platformName: mac, safari:automaticInspection: false, safari:automaticProfiling: false, safari:diagnose: false, safari:platformBuildVersion: 21C52, safari:platformVersion: 12.1, safari:useSimulator: false, setWindowRect: true, strictFileInteractability: false, webkit:WebRTC: {DisableICECandidateFiltering: false, DisableInsecureMediaCapture: false}}
Element: [[SafariDriver: Safari on mac (C66EA157-011B-4F5D-8567-63BFA6833011)] -&gt; css selector: button[title='Search']]
Session ID: C66EA157-011B-4F5D-8567-63BFA6833011
	at seleniumwebapptesting.safari.SearchingSafariTest.testSearchBarFunctionality(SearchingSafariTest.java:41)
</pre></div></div></td>
<td></td></tr>
<tr class="a">
<td><a href="#seleniumwebapptesting.safari.SearchingSafariTest.testInvalidSearchResults"><figure><img src="images/icon_error_sml.gif" alt="" /></figure></a></td>
<td><a name="TC_seleniumwebapptesting.safari.SearchingSafariTest.testInvalidSearchResults"></a><a href="#seleniumwebapptesting.safari.SearchingSafariTest.testInvalidSearchResults">testInvalidSearchResults</a>
<div class="detailToggle" style="display:inline"><a href="javascript:toggleDisplay('seleniumwebapptesting.safari.SearchingSafariTest.testInvalidSearchResults');"><span style="display:inline;" id="seleniumwebapptesting.safari.SearchingSafariTest.testInvalidSearchResults-off"> + </span><span style="display:none;" id="seleniumwebapptesting.safari.SearchingSafariTest.testInvalidSearchResults-on"> - </span>[ Detail ]</a></div></td>
<td>3.742</td></tr>
<tr class="b">
<td></td>
<td>Build info: version: '4.14.1', revision: '03f8ede370'
System info: os.name: 'Mac OS X', os.arch: 'x86_64', os.version: '12.1', java.version: '19.0.2'
Driver info: org.openqa.selenium.safari.SafariDriver
Command: [9D2999D5-4D20-4678-9AAF-8C9F837FC00A, clickElement {id=node-C64E2EA0-F7CD-44AE-8435-80B0A51A4781}]
Capabilities {acceptInsecureCerts: false, browserName: Safari, browserVersion: 15.2, platformName: mac, safari:automaticInspection: false, safari:automaticProfiling: false, safari:diagnose: false, safari:platformBuildVersion: 21C52, safari:platformVersion: 12.1, safari:useSimulator: false, setWindowRect: true, strictFileInteractability: false, webkit:WebRTC: {DisableICECandidateFiltering: false, DisableInsecureMediaCapture: false}}
Element: [[SafariDriver: Safari on mac (9D2999D5-4D20-4678-9AAF-8C9F837FC00A)] -&gt; css selector: button[title='Search']]
Session ID: 9D2999D5-4D20-4678-9AAF-8C9F837FC00A</td>
<td></td></tr>
<tr class="a">
<td></td>
<td>
<div id="seleniumwebapptesting.safari.SearchingSafariTest.testInvalidSearchResults-error" style="display:none;">
<div>
<pre>org.openqa.selenium.ElementNotInteractableException: 
Build info: version: '4.14.1', revision: '03f8ede370'
System info: os.name: 'Mac OS X', os.arch: 'x86_64', os.version: '12.1', java.version: '19.0.2'
Driver info: org.openqa.selenium.safari.SafariDriver
Command: [9D2999D5-4D20-4678-9AAF-8C9F837FC00A, clickElement {id=node-C64E2EA0-F7CD-44AE-8435-80B0A51A4781}]
Capabilities {acceptInsecureCerts: false, browserName: Safari, browserVersion: 15.2, platformName: mac, safari:automaticInspection: false, safari:automaticProfiling: false, safari:diagnose: false, safari:platformBuildVersion: 21C52, safari:platformVersion: 12.1, safari:useSimulator: false, setWindowRect: true, strictFileInteractability: false, webkit:WebRTC: {DisableICECandidateFiltering: false, DisableInsecureMediaCapture: false}}
Element: [[SafariDriver: Safari on mac (9D2999D5-4D20-4678-9AAF-8C9F837FC00A)] -&gt; css selector: button[title='Search']]
Session ID: 9D2999D5-4D20-4678-9AAF-8C9F837FC00A
	at seleniumwebapptesting.safari.SearchingSafariTest.testInvalidSearchResults(SearchingSafariTest.java:79)
</pre></div></div></td>
<td></td></tr></table></section><section>
<h3><a name="ProductListingSafariTest"></a>ProductListingSafariTest</h3><a name="seleniumwebapptesting.safari.ProductListingSafariTest"></a>
<table border="1" class="bodyTable">
<tr class="a">
<td><a href="#seleniumwebapptesting.safari.ProductListingSafariTest.verifyProductDetailsCanBeViewed"><figure><img src="images/icon_error_sml.gif" alt="" /></figure></a></td>
<td><a name="TC_seleniumwebapptesting.safari.ProductListingSafariTest.verifyProductDetailsCanBeViewed"></a><a href="#seleniumwebapptesting.safari.ProductListingSafariTest.verifyProductDetailsCanBeViewed">verifyProductDetailsCanBeViewed</a>
<div class="detailToggle" style="display:inline"><a href="javascript:toggleDisplay('seleniumwebapptesting.safari.ProductListingSafariTest.verifyProductDetailsCanBeViewed');"><span style="display:inline;" id="seleniumwebapptesting.safari.ProductListingSafariTest.verifyProductDetailsCanBeViewed-off"> + </span><span style="display:none;" id="seleniumwebapptesting.safari.ProductListingSafariTest.verifyProductDetailsCanBeViewed-on"> - </span>[ Detail ]</a></div></td>
<td>3.425</td></tr>
<tr class="b">
<td></td>
<td>For documentation on this error, please visit: https://www.selenium.dev/documentation/webdriver/troubleshooting/errors#no-such-element-exception
Build info: version: '4.14.1', revision: '03f8ede370'
System info: os.name: 'Mac OS X', os.arch: 'x86_64', os.version: '12.1', java.version: '19.0.2'
Driver info: org.openqa.selenium.safari.SafariDriver
Command: [1804C75E-D98B-449C-B15A-B2D275A34C87, findElement {using=class name, value=product-info-main}]
Capabilities {acceptInsecureCerts: false, browserName: Safari, browserVersion: 15.2, platformName: mac, safari:automaticInspection: false, safari:automaticProfiling: false, safari:diagnose: false, safari:platformBuildVersion: 21C52, safari:platformVersion: 12.1, safari:useSimulator: false, setWindowRect: true, strictFileInteractability: false, webkit:WebRTC: {DisableICECandidateFiltering: false, DisableInsecureMediaCapture: false}}
Session ID: 1804C75E-D98B-449C-B15A-B2D275A34C87</td>
<td></td></tr>
<tr class="a">
<td></td>
<td>
<div id="seleniumwebapptesting.safari.ProductListingSafariTest.verifyProductDetailsCanBeViewed-error" style="display:none;">
<div>
<pre>org.openqa.selenium.NoSuchElementException: 
For documentation on this error, please visit: https://www.selenium.dev/documentation/webdriver/troubleshooting/errors#no-such-element-exception
Build info: version: '4.14.1', revision: '03f8ede370'
System info: os.name: 'Mac OS X', os.arch: 'x86_64', os.version: '12.1', java.version: '19.0.2'
Driver info: org.openqa.selenium.safari.SafariDriver
Command: [1804C75E-D98B-449C-B15A-B2D275A34C87, findElement {using=class name, value=product-info-main}]
Capabilities {acceptInsecureCerts: false, browserName: Safari, browserVersion: 15.2, platformName: mac, safari:automaticInspection: false, safari:automaticProfiling: false, safari:diagnose: false, safari:platformBuildVersion: 21C52, safari:platformVersion: 12.1, safari:useSimulator: false, setWindowRect: true, strictFileInteractability: false, webkit:WebRTC: {DisableICECandidateFiltering: false, DisableInsecureMediaCapture: false}}
Session ID: 1804C75E-D98B-449C-B15A-B2D275A34C87
	at seleniumwebapptesting.safari.ProductListingSafariTest.verifyProductDetailsCanBeViewed(ProductListingSafariTest.java:48)
</pre></div></div></td>
<td></td></tr>
<tr class="b">
<td><figure><img src="images/icon_success_sml.gif" alt="" /></figure></td>
<td><a name="TC_seleniumwebapptesting.safari.ProductListingSafariTest.verifyProductListDisplayed"></a>verifyProductListDisplayed</td>
<td>2.943</td></tr>
<tr class="a">
<td><a href="#seleniumwebapptesting.safari.ProductListingSafariTest.verifyProductDescription"><figure><img src="images/icon_error_sml.gif" alt="" /></figure></a></td>
<td><a name="TC_seleniumwebapptesting.safari.ProductListingSafariTest.verifyProductDescription"></a><a href="#seleniumwebapptesting.safari.ProductListingSafariTest.verifyProductDescription">verifyProductDescription</a>
<div class="detailToggle" style="display:inline"><a href="javascript:toggleDisplay('seleniumwebapptesting.safari.ProductListingSafariTest.verifyProductDescription');"><span style="display:inline;" id="seleniumwebapptesting.safari.ProductListingSafariTest.verifyProductDescription-off"> + </span><span style="display:none;" id="seleniumwebapptesting.safari.ProductListingSafariTest.verifyProductDescription-on"> - </span>[ Detail ]</a></div></td>
<td>3.324</td></tr>
<tr class="b">
<td></td>
<td>For documentation on this error, please visit: https://www.selenium.dev/documentation/webdriver/troubleshooting/errors#no-such-element-exception
Build info: version: '4.14.1', revision: '03f8ede370'
System info: os.name: 'Mac OS X', os.arch: 'x86_64', os.version: '12.1', java.version: '19.0.2'
Driver info: org.openqa.selenium.safari.SafariDriver
Command: [B49F513D-2528-487D-91E4-8510C7B5067A, findElement {using=css selector, value=.data.item.title}]
Capabilities {acceptInsecureCerts: false, browserName: Safari, browserVersion: 15.2, platformName: mac, safari:automaticInspection: false, safari:automaticProfiling: false, safari:diagnose: false, safari:platformBuildVersion: 21C52, safari:platformVersion: 12.1, safari:useSimulator: false, setWindowRect: true, strictFileInteractability: false, webkit:WebRTC: {DisableICECandidateFiltering: false, DisableInsecureMediaCapture: false}}
Session ID: B49F513D-2528-487D-91E4-8510C7B5067A</td>
<td></td></tr>
<tr class="a">
<td></td>
<td>
<div id="seleniumwebapptesting.safari.ProductListingSafariTest.verifyProductDescription-error" style="display:none;">
<div>
<pre>org.openqa.selenium.NoSuchElementException: 
For documentation on this error, please visit: https://www.selenium.dev/documentation/webdriver/troubleshooting/errors#no-such-element-exception
Build info: version: '4.14.1', revision: '03f8ede370'
System info: os.name: 'Mac OS X', os.arch: 'x86_64', os.version: '12.1', java.version: '19.0.2'
Driver info: org.openqa.selenium.safari.SafariDriver
Command: [B49F513D-2528-487D-91E4-8510C7B5067A, findElement {using=css selector, value=.data.item.title}]
Capabilities {acceptInsecureCerts: false, browserName: Safari, browserVersion: 15.2, platformName: mac, safari:automaticInspection: false, safari:automaticProfiling: false, safari:diagnose: false, safari:platformBuildVersion: 21C52, safari:platformVersion: 12.1, safari:useSimulator: false, setWindowRect: true, strictFileInteractability: false, webkit:WebRTC: {DisableICECandidateFiltering: false, DisableInsecureMediaCapture: false}}
Session ID: B49F513D-2528-487D-91E4-8510C7B5067A
	at seleniumwebapptesting.safari.ProductListingSafariTest.verifyProductDescription(ProductListingSafariTest.java:84)
</pre></div></div></td>
<td></td></tr></table></section><section>
<h3><a name="SearchingChromeTest"></a>SearchingChromeTest</h3><a name="seleniumwebapptesting.chrome.SearchingChromeTest"></a>
<table border="1" class="bodyTable">
<tr class="a">
<td><figure><img src="images/icon_success_sml.gif" alt="" /></figure></td>
<td><a name="TC_seleniumwebapptesting.chrome.SearchingChromeTest.testValidSearchResults"></a>testValidSearchResults</td>
<td>8.427</td></tr>
<tr class="b">
<td><figure><img src="images/icon_success_sml.gif" alt="" /></figure></td>
<td><a name="TC_seleniumwebapptesting.chrome.SearchingChromeTest.testSearchBarFunctionality"></a>testSearchBarFunctionality</td>
<td>8.701</td></tr>
<tr class="a">
<td><figure><img src="images/icon_success_sml.gif" alt="" /></figure></td>
<td><a name="TC_seleniumwebapptesting.chrome.SearchingChromeTest.testInvalidSearchResults"></a>testInvalidSearchResults</td>
<td>7.792</td></tr></table></section><section>
<h3><a name="ProductListingChromeTest"></a>ProductListingChromeTest</h3><a name="seleniumwebapptesting.chrome.ProductListingChromeTest"></a>
<table border="1" class="bodyTable">
<tr class="a">
<td><figure><img src="images/icon_success_sml.gif" alt="" /></figure></td>
<td><a name="TC_seleniumwebapptesting.chrome.ProductListingChromeTest.verifyProductDetailsCanBeViewed"></a>verifyProductDetailsCanBeViewed</td>
<td>7.36</td></tr>
<tr class="b">
<td><figure><img src="images/icon_success_sml.gif" alt="" /></figure></td>
<td><a name="TC_seleniumwebapptesting.chrome.ProductListingChromeTest.verifyProductListDisplayed"></a>verifyProductListDisplayed</td>
<td>6.015</td></tr>
<tr class="a">
<td><figure><img src="images/icon_success_sml.gif" alt="" /></figure></td>
<td><a name="TC_seleniumwebapptesting.chrome.ProductListingChromeTest.verifyProductDescription"></a>verifyProductDescription</td>
<td>7.701</td></tr></table></section><section>
<h3><a name="NavigationChromeTest"></a>NavigationChromeTest</h3><a name="seleniumwebapptesting.chrome.NavigationChromeTest"></a>
<table border="1" class="bodyTable">
<tr class="a">
<td><figure><img src="images/icon_success_sml.gif" alt="" /></figure></td>
<td><a name="TC_seleniumwebapptesting.chrome.NavigationChromeTest.test104_YogaCollectionPageTitle"></a>test104_YogaCollectionPageTitle</td>
<td>6.932</td></tr>
<tr class="b">
<td><figure><img src="images/icon_success_sml.gif" alt="" /></figure></td>
<td><a name="TC_seleniumwebapptesting.chrome.NavigationChromeTest.test101_HomepageLogoVisibility"></a>test101_HomepageLogoVisibility</td>
<td>7.214</td></tr>
<tr class="a">
<td><figure><img src="images/icon_success_sml.gif" alt="" /></figure></td>
<td><a name="TC_seleniumwebapptesting.chrome.NavigationChromeTest.test102_YogaCollectionPageNavigation"></a>test102_YogaCollectionPageNavigation</td>
<td>7.04</td></tr>
<tr class="b">
<td><figure><img src="images/icon_success_sml.gif" alt="" /></figure></td>
<td><a name="TC_seleniumwebapptesting.chrome.NavigationChromeTest.test103_testHomepageNavigation"></a>test103_testHomepageNavigation</td>
<td>7.531</td></tr></table></section><section>
<h3><a name="NavigationSafariTest"></a>NavigationSafariTest</h3><a name="seleniumwebapptesting.safari.NavigationSafariTest"></a>
<table border="1" class="bodyTable">
<tr class="a">
<td><a href="#seleniumwebapptesting.safari.NavigationSafariTest.test104_YogaCollectionPageTitle"><figure><img src="images/icon_error_sml.gif" alt="" /></figure></a></td>
<td><a name="TC_seleniumwebapptesting.safari.NavigationSafariTest.test104_YogaCollectionPageTitle"></a><a href="#seleniumwebapptesting.safari.NavigationSafariTest.test104_YogaCollectionPageTitle">test104_YogaCollectionPageTitle</a>
<div class="detailToggle" style="display:inline"><a href="javascript:toggleDisplay('seleniumwebapptesting.safari.NavigationSafariTest.test104_YogaCollectionPageTitle');"><span style="display:inline;" id="seleniumwebapptesting.safari.NavigationSafariTest.test104_YogaCollectionPageTitle-off"> + </span><span style="display:none;" id="seleniumwebapptesting.safari.NavigationSafariTest.test104_YogaCollectionPageTitle-on"> - </span>[ Detail ]</a></div></td>
<td>3.656</td></tr>
<tr class="b">
<td></td>
<td>expected:&lt;[New Luma Yoga Collection]&gt; but was:&lt;[Home Page]&gt;</td>
<td></td></tr>
<tr class="a">
<td></td>
<td>
<div id="seleniumwebapptesting.safari.NavigationSafariTest.test104_YogaCollectionPageTitle-failure" style="display:none;">
<div>
<pre>org.junit.ComparisonFailure: expected:&lt;[New Luma Yoga Collection]&gt; but was:&lt;[Home Page]&gt;
	at seleniumwebapptesting.safari.NavigationSafariTest.test104_YogaCollectionPageTitle(NavigationSafariTest.java:74)
</pre></div></div></td>
<td></td></tr>
<tr class="b">
<td><figure><img src="images/icon_success_sml.gif" alt="" /></figure></td>
<td><a name="TC_seleniumwebapptesting.safari.NavigationSafariTest.test101_HomepageLogoVisibility"></a>test101_HomepageLogoVisibility</td>
<td>3.535</td></tr>
<tr class="a">
<td><a href="#seleniumwebapptesting.safari.NavigationSafariTest.test102_YogaCollectionPageNavigation"><figure><img src="images/icon_error_sml.gif" alt="" /></figure></a></td>
<td><a name="TC_seleniumwebapptesting.safari.NavigationSafariTest.test102_YogaCollectionPageNavigation"></a><a href="#seleniumwebapptesting.safari.NavigationSafariTest.test102_YogaCollectionPageNavigation">test102_YogaCollectionPageNavigation</a>
<div class="detailToggle" style="display:inline"><a href="javascript:toggleDisplay('seleniumwebapptesting.safari.NavigationSafariTest.test102_YogaCollectionPageNavigation');"><span style="display:inline;" id="seleniumwebapptesting.safari.NavigationSafariTest.test102_YogaCollectionPageNavigation-off"> + </span><span style="display:none;" id="seleniumwebapptesting.safari.NavigationSafariTest.test102_YogaCollectionPageNavigation-on"> - </span>[ Detail ]</a></div></td>
<td>3.117</td></tr>
<tr class="b">
<td></td>
<td>expected:&lt;...aretestingboard.com/[collections/yoga-new.html]&gt; but was:&lt;...aretestingboard.com/[]&gt;</td>
<td></td></tr>
<tr class="a">
<td></td>
<td>
<div id="seleniumwebapptesting.safari.NavigationSafariTest.test102_YogaCollectionPageNavigation-failure" style="display:none;">
<div>
<pre>org.junit.ComparisonFailure: expected:&lt;...aretestingboard.com/[collections/yoga-new.html]&gt; but was:&lt;...aretestingboard.com/[]&gt;
	at seleniumwebapptesting.safari.NavigationSafariTest.test102_YogaCollectionPageNavigation(NavigationSafariTest.java:48)
</pre></div></div></td>
<td></td></tr>
<tr class="b">
<td><figure><img src="images/icon_success_sml.gif" alt="" /></figure></td>
<td><a name="TC_seleniumwebapptesting.safari.NavigationSafariTest.test103_testHomepageNavigation"></a>test103_testHomepageNavigation</td>
<td>5.398</td></tr></table></section><section>
<h3><a name="SortAndFilterChromeTest"></a>SortAndFilterChromeTest</h3><a name="seleniumwebapptesting.chrome.SortAndFilterChromeTest"></a>
<table border="1" class="bodyTable">
<tr class="a">
<td><a href="#seleniumwebapptesting.chrome.SortAndFilterChromeTest.testSortingByPrice"><figure><img src="images/icon_error_sml.gif" alt="" /></figure></a></td>
<td><a name="TC_seleniumwebapptesting.chrome.SortAndFilterChromeTest.testSortingByPrice"></a><a href="#seleniumwebapptesting.chrome.SortAndFilterChromeTest.testSortingByPrice">testSortingByPrice</a>
<div class="detailToggle" style="display:inline"><a href="javascript:toggleDisplay('seleniumwebapptesting.chrome.SortAndFilterChromeTest.testSortingByPrice');"><span style="display:inline;" id="seleniumwebapptesting.chrome.SortAndFilterChromeTest.testSortingByPrice-off"> + </span><span style="display:none;" id="seleniumwebapptesting.chrome.SortAndFilterChromeTest.testSortingByPrice-on"> - </span>[ Detail ]</a></div></td>
<td>8.022</td></tr>
<tr class="b">
<td></td>
<td>Prices are not in ascending order</td>
<td></td></tr>
<tr class="a">
<td></td>
<td>
<div id="seleniumwebapptesting.chrome.SortAndFilterChromeTest.testSortingByPrice-failure" style="display:none;">
<div>
<pre>java.lang.AssertionError: Prices are not in ascending order
	at seleniumwebapptesting.chrome.SortAndFilterChromeTest.testSortingByPrice(SortAndFilterChromeTest.java:52)
</pre></div></div></td>
<td></td></tr>
<tr class="b">
<td><figure><img src="images/icon_success_sml.gif" alt="" /></figure></td>
<td><a name="TC_seleniumwebapptesting.chrome.SortAndFilterChromeTest.testSortingByName"></a>testSortingByName</td>
<td>7.306</td></tr>
<tr class="a">
<td><figure><img src="images/icon_success_sml.gif" alt="" /></figure></td>
<td><a name="TC_seleniumwebapptesting.chrome.SortAndFilterChromeTest.testFilteringBySize"></a>testFilteringBySize</td>
<td>6.664</td></tr>
<tr class="b">
<td><figure><img src="images/icon_success_sml.gif" alt="" /></figure></td>
<td><a name="TC_seleniumwebapptesting.chrome.SortAndFilterChromeTest.testFilteringByColor"></a>testFilteringByColor</td>
<td>6.441</td></tr></table></section><section>
<h3><a name="UserAccountSafariTest"></a>UserAccountSafariTest</h3><a name="seleniumwebapptesting.safari.UserAccountSafariTest"></a>
<table border="1" class="bodyTable">
<tr class="a">
<td><a href="#seleniumwebapptesting.safari.UserAccountSafariTest.testUserLoginSuccess"><figure><img src="images/icon_error_sml.gif" alt="" /></figure></a></td>
<td><a name="TC_seleniumwebapptesting.safari.UserAccountSafariTest.testUserLoginSuccess"></a><a href="#seleniumwebapptesting.safari.UserAccountSafariTest.testUserLoginSuccess">testUserLoginSuccess</a>
<div class="detailToggle" style="display:inline"><a href="javascript:toggleDisplay('seleniumwebapptesting.safari.UserAccountSafariTest.testUserLoginSuccess');"><span style="display:inline;" id="seleniumwebapptesting.safari.UserAccountSafariTest.testUserLoginSuccess-off"> + </span><span style="display:none;" id="seleniumwebapptesting.safari.UserAccountSafariTest.testUserLoginSuccess-on"> - </span>[ Detail ]</a></div></td>
<td>3.524</td></tr>
<tr class="b">
<td></td>
<td>For documentation on this error, please visit: https://www.selenium.dev/documentation/webdriver/troubleshooting/errors#no-such-element-exception
Build info: version: '4.14.1', revision: '03f8ede370'
System info: os.name: 'Mac OS X', os.arch: 'x86_64', os.version: '12.1', java.version: '19.0.2'
Driver info: org.openqa.selenium.safari.SafariDriver
Command: [DAF81BF7-BF69-46E3-8936-6621DA270000, findElement {using=id, value=email}]
Capabilities {acceptInsecureCerts: false, browserName: Safari, browserVersion: 15.2, platformName: mac, safari:automaticInspection: false, safari:automaticProfiling: false, safari:diagnose: false, safari:platformBuildVersion: 21C52, safari:platformVersion: 12.1, safari:useSimulator: false, setWindowRect: true, strictFileInteractability: false, webkit:WebRTC: {DisableICECandidateFiltering: false, DisableInsecureMediaCapture: false}}
Session ID: DAF81BF7-BF69-46E3-8936-6621DA270000</td>
<td></td></tr>
<tr class="a">
<td></td>
<td>
<div id="seleniumwebapptesting.safari.UserAccountSafariTest.testUserLoginSuccess-error" style="display:none;">
<div>
<pre>org.openqa.selenium.NoSuchElementException: 
For documentation on this error, please visit: https://www.selenium.dev/documentation/webdriver/troubleshooting/errors#no-such-element-exception
Build info: version: '4.14.1', revision: '03f8ede370'
System info: os.name: 'Mac OS X', os.arch: 'x86_64', os.version: '12.1', java.version: '19.0.2'
Driver info: org.openqa.selenium.safari.SafariDriver
Command: [DAF81BF7-BF69-46E3-8936-6621DA270000, findElement {using=id, value=email}]
Capabilities {acceptInsecureCerts: false, browserName: Safari, browserVersion: 15.2, platformName: mac, safari:automaticInspection: false, safari:automaticProfiling: false, safari:diagnose: false, safari:platformBuildVersion: 21C52, safari:platformVersion: 12.1, safari:useSimulator: false, setWindowRect: true, strictFileInteractability: false, webkit:WebRTC: {DisableICECandidateFiltering: false, DisableInsecureMediaCapture: false}}
Session ID: DAF81BF7-BF69-46E3-8936-6621DA270000
	at seleniumwebapptesting.safari.UserAccountSafariTest.testUserLoginSuccess(UserAccountSafariTest.java:108)
</pre></div></div></td>
<td></td></tr>
<tr class="b">
<td><a href="#seleniumwebapptesting.safari.UserAccountSafariTest.testUserRegistrationFail"><figure><img src="images/icon_error_sml.gif" alt="" /></figure></a></td>
<td><a name="TC_seleniumwebapptesting.safari.UserAccountSafariTest.testUserRegistrationFail"></a><a href="#seleniumwebapptesting.safari.UserAccountSafariTest.testUserRegistrationFail">testUserRegistrationFail</a>
<div class="detailToggle" style="display:inline"><a href="javascript:toggleDisplay('seleniumwebapptesting.safari.UserAccountSafariTest.testUserRegistrationFail');"><span style="display:inline;" id="seleniumwebapptesting.safari.UserAccountSafariTest.testUserRegistrationFail-off"> + </span><span style="display:none;" id="seleniumwebapptesting.safari.UserAccountSafariTest.testUserRegistrationFail-on"> - </span>[ Detail ]</a></div></td>
<td>16.297</td></tr>
<tr class="a">
<td></td>
<td>Expected condition failed: waiting for presence of element located by: By.xpath: //div[contains(@class, 'message-error')] (tried for 10 second(s) with 500 milliseconds interval)</td>
<td></td></tr>
<tr class="b">
<td></td>
<td>
<div id="seleniumwebapptesting.safari.UserAccountSafariTest.testUserRegistrationFail-error" style="display:none;">
<div>
<pre>org.openqa.selenium.TimeoutException: Expected condition failed: waiting for presence of element located by: By.xpath: //div[contains(@class, 'message-error')] (tried for 10 second(s) with 500 milliseconds interval)
	at seleniumwebapptesting.safari.UserAccountSafariTest.testUserRegistrationFail(UserAccountSafariTest.java:97)
Caused by: org.openqa.selenium.NoSuchElementException: 
For documentation on this error, please visit: https://www.selenium.dev/documentation/webdriver/troubleshooting/errors#no-such-element-exception
Build info: version: '4.14.1', revision: '03f8ede370'
System info: os.name: 'Mac OS X', os.arch: 'x86_64', os.version: '12.1', java.version: '19.0.2'
Driver info: org.openqa.selenium.safari.SafariDriver
Command: [19D9A595-BD6C-490B-B888-E92E93B076E7, findElement {using=xpath, value=//div[contains(@class, 'message-error')]}]
Capabilities {acceptInsecureCerts: false, browserName: Safari, browserVersion: 15.2, platformName: mac, safari:automaticInspection: false, safari:automaticProfiling: false, safari:diagnose: false, safari:platformBuildVersion: 21C52, safari:platformVersion: 12.1, safari:useSimulator: false, setWindowRect: true, strictFileInteractability: false, webkit:WebRTC: {DisableICECandidateFiltering: false, DisableInsecureMediaCapture: false}}
Session ID: 19D9A595-BD6C-490B-B888-E92E93B076E7
	at seleniumwebapptesting.safari.UserAccountSafariTest.testUserRegistrationFail(UserAccountSafariTest.java:97)
</pre></div></div></td>
<td></td></tr>
<tr class="a">
<td><a href="#seleniumwebapptesting.safari.UserAccountSafariTest.testUserRegistrationSuccess"><figure><img src="images/icon_error_sml.gif" alt="" /></figure></a></td>
<td><a name="TC_seleniumwebapptesting.safari.UserAccountSafariTest.testUserRegistrationSuccess"></a><a href="#seleniumwebapptesting.safari.UserAccountSafariTest.testUserRegistrationSuccess">testUserRegistrationSuccess</a>
<div class="detailToggle" style="display:inline"><a href="javascript:toggleDisplay('seleniumwebapptesting.safari.UserAccountSafariTest.testUserRegistrationSuccess');"><span style="display:inline;" id="seleniumwebapptesting.safari.UserAccountSafariTest.testUserRegistrationSuccess-off"> + </span><span style="display:none;" id="seleniumwebapptesting.safari.UserAccountSafariTest.testUserRegistrationSuccess-on"> - </span>[ Detail ]</a></div></td>
<td>3.748</td></tr>
<tr class="b">
<td></td>
<td>For documentation on this error, please visit: https://www.selenium.dev/documentation/webdriver/troubleshooting/errors#no-such-element-exception
Build info: version: '4.14.1', revision: '03f8ede370'
System info: os.name: 'Mac OS X', os.arch: 'x86_64', os.version: '12.1', java.version: '19.0.2'
Driver info: org.openqa.selenium.safari.SafariDriver
Command: [F88846A3-DA84-4BD0-AE6A-4B94AFCAC417, findElement {using=id, value=firstname}]
Capabilities {acceptInsecureCerts: false, browserName: Safari, browserVersion: 15.2, platformName: mac, safari:automaticInspection: false, safari:automaticProfiling: false, safari:diagnose: false, safari:platformBuildVersion: 21C52, safari:platformVersion: 12.1, safari:useSimulator: false, setWindowRect: true, strictFileInteractability: false, webkit:WebRTC: {DisableICECandidateFiltering: false, DisableInsecureMediaCapture: false}}
Session ID: F88846A3-DA84-4BD0-AE6A-4B94AFCAC417</td>
<td></td></tr>
<tr class="a">
<td></td>
<td>
<div id="seleniumwebapptesting.safari.UserAccountSafariTest.testUserRegistrationSuccess-error" style="display:none;">
<div>
<pre>org.openqa.selenium.NoSuchElementException: 
For documentation on this error, please visit: https://www.selenium.dev/documentation/webdriver/troubleshooting/errors#no-such-element-exception
Build info: version: '4.14.1', revision: '03f8ede370'
System info: os.name: 'Mac OS X', os.arch: 'x86_64', os.version: '12.1', java.version: '19.0.2'
Driver info: org.openqa.selenium.safari.SafariDriver
Command: [F88846A3-DA84-4BD0-AE6A-4B94AFCAC417, findElement {using=id, value=firstname}]
Capabilities {acceptInsecureCerts: false, browserName: Safari, browserVersion: 15.2, platformName: mac, safari:automaticInspection: false, safari:automaticProfiling: false, safari:diagnose: false, safari:platformBuildVersion: 21C52, safari:platformVersion: 12.1, safari:useSimulator: false, setWindowRect: true, strictFileInteractability: false, webkit:WebRTC: {DisableICECandidateFiltering: false, DisableInsecureMediaCapture: false}}
Session ID: F88846A3-DA84-4BD0-AE6A-4B94AFCAC417
	at seleniumwebapptesting.safari.UserAccountSafariTest.testUserRegistrationSuccess(UserAccountSafariTest.java:41)
</pre></div></div></td>
<td></td></tr>
<tr class="b">
<td><a href="#seleniumwebapptesting.safari.UserAccountSafariTest.testUserLoginFail"><figure><img src="images/icon_error_sml.gif" alt="" /></figure></a></td>
<td><a name="TC_seleniumwebapptesting.safari.UserAccountSafariTest.testUserLoginFail"></a><a href="#seleniumwebapptesting.safari.UserAccountSafariTest.testUserLoginFail">testUserLoginFail</a>
<div class="detailToggle" style="display:inline"><a href="javascript:toggleDisplay('seleniumwebapptesting.safari.UserAccountSafariTest.testUserLoginFail');"><span style="display:inline;" id="seleniumwebapptesting.safari.UserAccountSafariTest.testUserLoginFail-off"> + </span><span style="display:none;" id="seleniumwebapptesting.safari.UserAccountSafariTest.testUserLoginFail-on"> - </span>[ Detail ]</a></div></td>
<td>2.9</td></tr>
<tr class="a">
<td></td>
<td>For documentation on this error, please visit: https://www.selenium.dev/documentation/webdriver/troubleshooting/errors#no-such-element-exception
Build info: version: '4.14.1', revision: '03f8ede370'
System info: os.name: 'Mac OS X', os.arch: 'x86_64', os.version: '12.1', java.version: '19.0.2'
Driver info: org.openqa.selenium.safari.SafariDriver
Command: [74973AEC-0F4B-4770-A190-B7821A28EF94, findElement {using=id, value=email}]
Capabilities {acceptInsecureCerts: false, browserName: Safari, browserVersion: 15.2, platformName: mac, safari:automaticInspection: false, safari:automaticProfiling: false, safari:diagnose: false, safari:platformBuildVersion: 21C52, safari:platformVersion: 12.1, safari:useSimulator: false, setWindowRect: true, strictFileInteractability: false, webkit:WebRTC: {DisableICECandidateFiltering: false, DisableInsecureMediaCapture: false}}
Session ID: 74973AEC-0F4B-4770-A190-B7821A28EF94</td>
<td></td></tr>
<tr class="b">
<td></td>
<td>
<div id="seleniumwebapptesting.safari.UserAccountSafariTest.testUserLoginFail-error" style="display:none;">
<div>
<pre>org.openqa.selenium.NoSuchElementException: 
For documentation on this error, please visit: https://www.selenium.dev/documentation/webdriver/troubleshooting/errors#no-such-element-exception
Build info: version: '4.14.1', revision: '03f8ede370'
System info: os.name: 'Mac OS X', os.arch: 'x86_64', os.version: '12.1', java.version: '19.0.2'
Driver info: org.openqa.selenium.safari.SafariDriver
Command: [74973AEC-0F4B-4770-A190-B7821A28EF94, findElement {using=id, value=email}]
Capabilities {acceptInsecureCerts: false, browserName: Safari, browserVersion: 15.2, platformName: mac, safari:automaticInspection: false, safari:automaticProfiling: false, safari:diagnose: false, safari:platformBuildVersion: 21C52, safari:platformVersion: 12.1, safari:useSimulator: false, setWindowRect: true, strictFileInteractability: false, webkit:WebRTC: {DisableICECandidateFiltering: false, DisableInsecureMediaCapture: false}}
Session ID: 74973AEC-0F4B-4770-A190-B7821A28EF94
	at seleniumwebapptesting.safari.UserAccountSafariTest.testUserLoginFail(UserAccountSafariTest.java:140)
</pre></div></div></td>
<td></td></tr></table></section><section>
<h3><a name="CartFunctionalityChromeTest"></a>CartFunctionalityChromeTest</h3><a name="seleniumwebapptesting.chrome.CartFunctionalityChromeTest"></a>
<table border="1" class="bodyTable">
<tr class="a">
<td><figure><img src="images/icon_success_sml.gif" alt="" /></figure></td>
<td><a name="TC_seleniumwebapptesting.chrome.CartFunctionalityChromeTest.testRemoveProductFromCart"></a>testRemoveProductFromCart</td>
<td>10.314</td></tr>
<tr class="b">
<td><figure><img src="images/icon_success_sml.gif" alt="" /></figure></td>
<td><a name="TC_seleniumwebapptesting.chrome.CartFunctionalityChromeTest.testCheckoutProcess"></a>testCheckoutProcess</td>
<td>10.254</td></tr>
<tr class="a">
<td><figure><img src="images/icon_success_sml.gif" alt="" /></figure></td>
<td><a name="TC_seleniumwebapptesting.chrome.CartFunctionalityChromeTest.testAddProductToCart"></a>testAddProductToCart</td>
<td>7.988</td></tr>
<tr class="b">
<td><figure><img src="images/icon_success_sml.gif" alt="" /></figure></td>
<td><a name="TC_seleniumwebapptesting.chrome.CartFunctionalityChromeTest.testCartTotalUpdate"></a>testCartTotalUpdate</td>
<td>11.189</td></tr></table></section><section>
<h3><a name="SortAndFilterSafariTest"></a>SortAndFilterSafariTest</h3><a name="seleniumwebapptesting.safari.SortAndFilterSafariTest"></a>
<table border="1" class="bodyTable">
<tr class="a">
<td><a href="#seleniumwebapptesting.safari.SortAndFilterSafariTest.testSortingByPrice"><figure><img src="images/icon_error_sml.gif" alt="" /></figure></a></td>
<td><a name="TC_seleniumwebapptesting.safari.SortAndFilterSafariTest.testSortingByPrice"></a><a href="#seleniumwebapptesting.safari.SortAndFilterSafariTest.testSortingByPrice">testSortingByPrice</a>
<div class="detailToggle" style="display:inline"><a href="javascript:toggleDisplay('seleniumwebapptesting.safari.SortAndFilterSafariTest.testSortingByPrice');"><span style="display:inline;" id="seleniumwebapptesting.safari.SortAndFilterSafariTest.testSortingByPrice-off"> + </span><span style="display:none;" id="seleniumwebapptesting.safari.SortAndFilterSafariTest.testSortingByPrice-on"> - </span>[ Detail ]</a></div></td>
<td>3.735</td></tr>
<tr class="b">
<td></td>
<td>Prices are not in ascending order</td>
<td></td></tr>
<tr class="a">
<td></td>
<td>
<div id="seleniumwebapptesting.safari.SortAndFilterSafariTest.testSortingByPrice-failure" style="display:none;">
<div>
<pre>java.lang.AssertionError: Prices are not in ascending order
	at seleniumwebapptesting.safari.SortAndFilterSafariTest.testSortingByPrice(SortAndFilterSafariTest.java:52)
</pre></div></div></td>
<td></td></tr>
<tr class="b">
<td><figure><img src="images/icon_success_sml.gif" alt="" /></figure></td>
<td><a name="TC_seleniumwebapptesting.safari.SortAndFilterSafariTest.testSortingByName"></a>testSortingByName</td>
<td>3.337</td></tr>
<tr class="a">
<td><figure><img src="images/icon_success_sml.gif" alt="" /></figure></td>
<td><a name="TC_seleniumwebapptesting.safari.SortAndFilterSafariTest.testFilteringBySize"></a>testFilteringBySize</td>
<td>5.116</td></tr>
<tr class="b">
<td><figure><img src="images/icon_success_sml.gif" alt="" /></figure></td>
<td><a name="TC_seleniumwebapptesting.safari.SortAndFilterSafariTest.testFilteringByColor"></a>testFilteringByColor</td>
<td>5.249</td></tr></table></section><br /></section><section>
<h2><a name="Failure_Details"></a>Failure Details</h2><a name="Failure_Details"></a>
<p>[<a href="#Summary">Summary</a>] [<a href="#Package_List">Package List</a>] [<a href="#Test_Cases">Test Cases</a>]</p><br />
<table border="1" class="bodyTable">
<tr class="a">
<td><figure><img src="images/icon_error_sml.gif" alt="" /></figure></td>
<td><a name="seleniumwebapptesting.safari.CartFunctionalitySafariTest.testRemoveProductFromCart"></a>testRemoveProductFromCart</td></tr>
<tr class="b">
<td></td>
<td>java.lang.AssertionError: Product was not removed from the cart.</td></tr>
<tr class="a">
<td></td>
<td>
<div id="testRemoveProductFromCart-failure">seleniumwebapptesting.safari.CartFunctionalitySafariTest:115</div></td></tr>
<tr class="b">
<td><figure><img src="images/icon_error_sml.gif" alt="" /></figure></td>
<td><a name="seleniumwebapptesting.safari.CartFunctionalitySafariTest.testAddProductToCart"></a>testAddProductToCart</td></tr>
<tr class="a">
<td></td>
<td>org.openqa.selenium.ElementNotInteractableException: Build info: version: '4.14.1', revision: '03f8ede370'
System info: os.name: 'Mac OS X', os.arch: 'x86_64', os.version: '12.1', java.version: '19.0.2'
Driver info: org.openqa.selenium.safari.SafariDriver
Command: [47F2D659-ACB9-4D53-957F-604B2C37761B, clickElement {id=node-CBB905A9-DA3F-405F-80F8-A2A0BC6B98F4}]
Capabilities {acceptInsecureCerts: false, browserName: Safari, browserVersion: 15.2, platformName: mac, safari:automaticInspection: false, safari:automaticProfiling: false, safari:diagnose: false, safari:platformBuildVersion: 21C52, safari:platformVersion: 12.1, safari:useSimulator: false, setWindowRect: true, strictFileInteractability: false, webkit:WebRTC: {DisableICECandidateFiltering: false, DisableInsecureMediaCapture: false}}
Element: [[[[SafariDriver: Safari on mac (47F2D659-ACB9-4D53-957F-604B2C37761B)] -&gt; css selector: .product-item:first-child]] -&gt; xpath: //div[@option-label='28']]
Session ID: 47F2D659-ACB9-4D53-957F-604B2C37761B</td></tr>
<tr class="b">
<td></td>
<td>
<div id="testAddProductToCart-error">seleniumwebapptesting.safari.CartFunctionalitySafariTest:39</div></td></tr>
<tr class="a">
<td><figure><img src="images/icon_error_sml.gif" alt="" /></figure></td>
<td><a name="seleniumwebapptesting.safari.CartFunctionalitySafariTest.testCartTotalUpdate"></a>testCartTotalUpdate</td></tr>
<tr class="b">
<td></td>
<td>org.openqa.selenium.StaleElementReferenceException: A node reference could not be resolved: Node with identifier 'node-8EAD6886-8FE4-4807-A5C6-2C40F59CDD7E' was not found
For documentation on this error, please visit: https://www.selenium.dev/documentation/webdriver/troubleshooting/errors#stale-element-reference-exception
Build info: version: '4.14.1', revision: '03f8ede370'
System info: os.name: 'Mac OS X', os.arch: 'x86_64', os.version: '12.1', java.version: '19.0.2'
Driver info: org.openqa.selenium.safari.SafariDriver
Command: [742E0214-7663-470E-8961-233A8692D4B8, getElementText {id=node-8EAD6886-8FE4-4807-A5C6-2C40F59CDD7E}]
Capabilities {acceptInsecureCerts: false, browserName: Safari, browserVersion: 15.2, platformName: mac, safari:automaticInspection: false, safari:automaticProfiling: false, safari:diagnose: false, safari:platformBuildVersion: 21C52, safari:platformVersion: 12.1, safari:useSimulator: false, setWindowRect: true, strictFileInteractability: false, webkit:WebRTC: {DisableICECandidateFiltering: false, DisableInsecureMediaCapture: false}}
Element: [[[[SafariDriver: Safari on mac (742E0214-7663-470E-8961-233A8692D4B8)] -&gt; css selector: .product-item]] -&gt; css selector: .price-box .price]
Session ID: 742E0214-7663-470E-8961-233A8692D4B8</td></tr>
<tr class="a">
<td></td>
<td>
<div id="testCartTotalUpdate-error">seleniumwebapptesting.safari.CartFunctionalitySafariTest:126</div></td></tr>
<tr class="b">
<td><figure><img src="images/icon_error_sml.gif" alt="" /></figure></td>
<td><a name="seleniumwebapptesting.chrome.UserAccountChromeTest.testUserRegistrationSuccess"></a>testUserRegistrationSuccess</td></tr>
<tr class="a">
<td></td>
<td>org.openqa.selenium.TimeoutException: Expected condition failed: waiting for presence of element located by: By.xpath: //div[contains(@class, 'message-success') and contains(@class, 'success')] (tried for 10 second(s) with 500 milliseconds interval)</td></tr>
<tr class="b">
<td></td>
<td>
<div id="testUserRegistrationSuccess-error">seleniumwebapptesting.chrome.UserAccountChromeTest:62</div></td></tr>
<tr class="a">
<td><figure><img src="images/icon_error_sml.gif" alt="" /></figure></td>
<td><a name="seleniumwebapptesting.safari.SearchingSafariTest.testValidSearchResults"></a>testValidSearchResults</td></tr>
<tr class="b">
<td></td>
<td>org.openqa.selenium.ElementNotInteractableException: Build info: version: '4.14.1', revision: '03f8ede370'
System info: os.name: 'Mac OS X', os.arch: 'x86_64', os.version: '12.1', java.version: '19.0.2'
Driver info: org.openqa.selenium.safari.SafariDriver
Command: [8759848A-450F-4635-ADB9-961D0E5B5EB3, clickElement {id=node-02CB1BE2-D79A-4A5F-8B22-CFFC1994CD0D}]
Capabilities {acceptInsecureCerts: false, browserName: Safari, browserVersion: 15.2, platformName: mac, safari:automaticInspection: false, safari:automaticProfiling: false, safari:diagnose: false, safari:platformBuildVersion: 21C52, safari:platformVersion: 12.1, safari:useSimulator: false, setWindowRect: true, strictFileInteractability: false, webkit:WebRTC: {DisableICECandidateFiltering: false, DisableInsecureMediaCapture: false}}
Element: [[SafariDriver: Safari on mac (8759848A-450F-4635-ADB9-961D0E5B5EB3)] -&gt; css selector: button[title='Search']]
Session ID: 8759848A-450F-4635-ADB9-961D0E5B5EB3</td></tr>
<tr class="a">
<td></td>
<td>
<div id="testValidSearchResults-error">seleniumwebapptesting.safari.SearchingSafariTest:60</div></td></tr>
<tr class="b">
<td><figure><img src="images/icon_error_sml.gif" alt="" /></figure></td>
<td><a name="seleniumwebapptesting.safari.SearchingSafariTest.testSearchBarFunctionality"></a>testSearchBarFunctionality</td></tr>
<tr class="a">
<td></td>
<td>org.openqa.selenium.ElementNotInteractableException: Build info: version: '4.14.1', revision: '03f8ede370'
System info: os.name: 'Mac OS X', os.arch: 'x86_64', os.version: '12.1', java.version: '19.0.2'
Driver info: org.openqa.selenium.safari.SafariDriver
Command: [C66EA157-011B-4F5D-8567-63BFA6833011, clickElement {id=node-A4E7A7D4-38C0-4AF9-A0D2-764E73010987}]
Capabilities {acceptInsecureCerts: false, browserName: Safari, browserVersion: 15.2, platformName: mac, safari:automaticInspection: false, safari:automaticProfiling: false, safari:diagnose: false, safari:platformBuildVersion: 21C52, safari:platformVersion: 12.1, safari:useSimulator: false, setWindowRect: true, strictFileInteractability: false, webkit:WebRTC: {DisableICECandidateFiltering: false, DisableInsecureMediaCapture: false}}
Element: [[SafariDriver: Safari on mac (C66EA157-011B-4F5D-8567-63BFA6833011)] -&gt; css selector: button[title='Search']]
Session ID: C66EA157-011B-4F5D-8567-63BFA6833011</td></tr>
<tr class="b">
<td></td>
<td>
<div id="testSearchBarFunctionality-error">seleniumwebapptesting.safari.SearchingSafariTest:41</div></td></tr>
<tr class="a">
<td><figure><img src="images/icon_error_sml.gif" alt="" /></figure></td>
<td><a name="seleniumwebapptesting.safari.SearchingSafariTest.testInvalidSearchResults"></a>testInvalidSearchResults</td></tr>
<tr class="b">
<td></td>
<td>org.openqa.selenium.ElementNotInteractableException: Build info: version: '4.14.1', revision: '03f8ede370'
System info: os.name: 'Mac OS X', os.arch: 'x86_64', os.version: '12.1', java.version: '19.0.2'
Driver info: org.openqa.selenium.safari.SafariDriver
Command: [9D2999D5-4D20-4678-9AAF-8C9F837FC00A, clickElement {id=node-C64E2EA0-F7CD-44AE-8435-80B0A51A4781}]
Capabilities {acceptInsecureCerts: false, browserName: Safari, browserVersion: 15.2, platformName: mac, safari:automaticInspection: false, safari:automaticProfiling: false, safari:diagnose: false, safari:platformBuildVersion: 21C52, safari:platformVersion: 12.1, safari:useSimulator: false, setWindowRect: true, strictFileInteractability: false, webkit:WebRTC: {DisableICECandidateFiltering: false, DisableInsecureMediaCapture: false}}
Element: [[SafariDriver: Safari on mac (9D2999D5-4D20-4678-9AAF-8C9F837FC00A)] -&gt; css selector: button[title='Search']]
Session ID: 9D2999D5-4D20-4678-9AAF-8C9F837FC00A</td></tr>
<tr class="a">
<td></td>
<td>
<div id="testInvalidSearchResults-error">seleniumwebapptesting.safari.SearchingSafariTest:79</div></td></tr>
<tr class="b">
<td><figure><img src="images/icon_error_sml.gif" alt="" /></figure></td>
<td><a name="seleniumwebapptesting.safari.ProductListingSafariTest.verifyProductDetailsCanBeViewed"></a>verifyProductDetailsCanBeViewed</td></tr>
<tr class="a">
<td></td>
<td>org.openqa.selenium.NoSuchElementException: For documentation on this error, please visit: https://www.selenium.dev/documentation/webdriver/troubleshooting/errors#no-such-element-exception
Build info: version: '4.14.1', revision: '03f8ede370'
System info: os.name: 'Mac OS X', os.arch: 'x86_64', os.version: '12.1', java.version: '19.0.2'
Driver info: org.openqa.selenium.safari.SafariDriver
Command: [1804C75E-D98B-449C-B15A-B2D275A34C87, findElement {using=class name, value=product-info-main}]
Capabilities {acceptInsecureCerts: false, browserName: Safari, browserVersion: 15.2, platformName: mac, safari:automaticInspection: false, safari:automaticProfiling: false, safari:diagnose: false, safari:platformBuildVersion: 21C52, safari:platformVersion: 12.1, safari:useSimulator: false, setWindowRect: true, strictFileInteractability: false, webkit:WebRTC: {DisableICECandidateFiltering: false, DisableInsecureMediaCapture: false}}
Session ID: 1804C75E-D98B-449C-B15A-B2D275A34C87</td></tr>
<tr class="b">
<td></td>
<td>
<div id="verifyProductDetailsCanBeViewed-error">seleniumwebapptesting.safari.ProductListingSafariTest:48</div></td></tr>
<tr class="a">
<td><figure><img src="images/icon_error_sml.gif" alt="" /></figure></td>
<td><a name="seleniumwebapptesting.safari.ProductListingSafariTest.verifyProductDescription"></a>verifyProductDescription</td></tr>
<tr class="b">
<td></td>
<td>org.openqa.selenium.NoSuchElementException: For documentation on this error, please visit: https://www.selenium.dev/documentation/webdriver/troubleshooting/errors#no-such-element-exception
Build info: version: '4.14.1', revision: '03f8ede370'
System info: os.name: 'Mac OS X', os.arch: 'x86_64', os.version: '12.1', java.version: '19.0.2'
Driver info: org.openqa.selenium.safari.SafariDriver
Command: [B49F513D-2528-487D-91E4-8510C7B5067A, findElement {using=css selector, value=.data.item.title}]
Capabilities {acceptInsecureCerts: false, browserName: Safari, browserVersion: 15.2, platformName: mac, safari:automaticInspection: false, safari:automaticProfiling: false, safari:diagnose: false, safari:platformBuildVersion: 21C52, safari:platformVersion: 12.1, safari:useSimulator: false, setWindowRect: true, strictFileInteractability: false, webkit:WebRTC: {DisableICECandidateFiltering: false, DisableInsecureMediaCapture: false}}
Session ID: B49F513D-2528-487D-91E4-8510C7B5067A</td></tr>
<tr class="a">
<td></td>
<td>
<div id="verifyProductDescription-error">seleniumwebapptesting.safari.ProductListingSafariTest:84</div></td></tr>
<tr class="b">
<td><figure><img src="images/icon_error_sml.gif" alt="" /></figure></td>
<td><a name="seleniumwebapptesting.safari.NavigationSafariTest.test104_YogaCollectionPageTitle"></a>test104_YogaCollectionPageTitle</td></tr>
<tr class="a">
<td></td>
<td>org.junit.ComparisonFailure: expected:&lt;[New Luma Yoga Collection]&gt; but was:&lt;[Home Page]&gt;</td></tr>
<tr class="b">
<td></td>
<td>
<div id="test104_YogaCollectionPageTitle-failure">seleniumwebapptesting.safari.NavigationSafariTest:74</div></td></tr>
<tr class="a">
<td><figure><img src="images/icon_error_sml.gif" alt="" /></figure></td>
<td><a name="seleniumwebapptesting.safari.NavigationSafariTest.test102_YogaCollectionPageNavigation"></a>test102_YogaCollectionPageNavigation</td></tr>
<tr class="b">
<td></td>
<td>org.junit.ComparisonFailure: expected:&lt;...aretestingboard.com/[collections/yoga-new.html]&gt; but was:&lt;...aretestingboard.com/[]&gt;</td></tr>
<tr class="a">
<td></td>
<td>
<div id="test102_YogaCollectionPageNavigation-failure">seleniumwebapptesting.safari.NavigationSafariTest:48</div></td></tr>
<tr class="b">
<td><figure><img src="images/icon_error_sml.gif" alt="" /></figure></td>
<td><a name="seleniumwebapptesting.chrome.SortAndFilterChromeTest.testSortingByPrice"></a>testSortingByPrice</td></tr>
<tr class="a">
<td></td>
<td>java.lang.AssertionError: Prices are not in ascending order</td></tr>
<tr class="b">
<td></td>
<td>
<div id="testSortingByPrice-failure">seleniumwebapptesting.chrome.SortAndFilterChromeTest:52</div></td></tr>
<tr class="a">
<td><figure><img src="images/icon_error_sml.gif" alt="" /></figure></td>
<td><a name="seleniumwebapptesting.safari.UserAccountSafariTest.testUserLoginSuccess"></a>testUserLoginSuccess</td></tr>
<tr class="b">
<td></td>
<td>org.openqa.selenium.NoSuchElementException: For documentation on this error, please visit: https://www.selenium.dev/documentation/webdriver/troubleshooting/errors#no-such-element-exception
Build info: version: '4.14.1', revision: '03f8ede370'
System info: os.name: 'Mac OS X', os.arch: 'x86_64', os.version: '12.1', java.version: '19.0.2'
Driver info: org.openqa.selenium.safari.SafariDriver
Command: [DAF81BF7-BF69-46E3-8936-6621DA270000, findElement {using=id, value=email}]
Capabilities {acceptInsecureCerts: false, browserName: Safari, browserVersion: 15.2, platformName: mac, safari:automaticInspection: false, safari:automaticProfiling: false, safari:diagnose: false, safari:platformBuildVersion: 21C52, safari:platformVersion: 12.1, safari:useSimulator: false, setWindowRect: true, strictFileInteractability: false, webkit:WebRTC: {DisableICECandidateFiltering: false, DisableInsecureMediaCapture: false}}
Session ID: DAF81BF7-BF69-46E3-8936-6621DA270000</td></tr>
<tr class="a">
<td></td>
<td>
<div id="testUserLoginSuccess-error">seleniumwebapptesting.safari.UserAccountSafariTest:108</div></td></tr>
<tr class="b">
<td><figure><img src="images/icon_error_sml.gif" alt="" /></figure></td>
<td><a name="seleniumwebapptesting.safari.UserAccountSafariTest.testUserRegistrationFail"></a>testUserRegistrationFail</td></tr>
<tr class="a">
<td></td>
<td>org.openqa.selenium.TimeoutException: Expected condition failed: waiting for presence of element located by: By.xpath: //div[contains(@class, 'message-error')] (tried for 10 second(s) with 500 milliseconds interval)</td></tr>
<tr class="b">
<td></td>
<td>
<div id="testUserRegistrationFail-error">seleniumwebapptesting.safari.UserAccountSafariTest:97</div></td></tr>
<tr class="a">
<td><figure><img src="images/icon_error_sml.gif" alt="" /></figure></td>
<td><a name="seleniumwebapptesting.safari.UserAccountSafariTest.testUserRegistrationSuccess"></a>testUserRegistrationSuccess</td></tr>
<tr class="b">
<td></td>
<td>org.openqa.selenium.NoSuchElementException: For documentation on this error, please visit: https://www.selenium.dev/documentation/webdriver/troubleshooting/errors#no-such-element-exception
Build info: version: '4.14.1', revision: '03f8ede370'
System info: os.name: 'Mac OS X', os.arch: 'x86_64', os.version: '12.1', java.version: '19.0.2'
Driver info: org.openqa.selenium.safari.SafariDriver
Command: [F88846A3-DA84-4BD0-AE6A-4B94AFCAC417, findElement {using=id, value=firstname}]
Capabilities {acceptInsecureCerts: false, browserName: Safari, browserVersion: 15.2, platformName: mac, safari:automaticInspection: false, safari:automaticProfiling: false, safari:diagnose: false, safari:platformBuildVersion: 21C52, safari:platformVersion: 12.1, safari:useSimulator: false, setWindowRect: true, strictFileInteractability: false, webkit:WebRTC: {DisableICECandidateFiltering: false, DisableInsecureMediaCapture: false}}
Session ID: F88846A3-DA84-4BD0-AE6A-4B94AFCAC417</td></tr>
<tr class="a">
<td></td>
<td>
<div id="testUserRegistrationSuccess-error">seleniumwebapptesting.safari.UserAccountSafariTest:41</div></td></tr>
<tr class="b">
<td><figure><img src="images/icon_error_sml.gif" alt="" /></figure></td>
<td><a name="seleniumwebapptesting.safari.UserAccountSafariTest.testUserLoginFail"></a>testUserLoginFail</td></tr>
<tr class="a">
<td></td>
<td>org.openqa.selenium.NoSuchElementException: For documentation on this error, please visit: https://www.selenium.dev/documentation/webdriver/troubleshooting/errors#no-such-element-exception
Build info: version: '4.14.1', revision: '03f8ede370'
System info: os.name: 'Mac OS X', os.arch: 'x86_64', os.version: '12.1', java.version: '19.0.2'
Driver info: org.openqa.selenium.safari.SafariDriver
Command: [74973AEC-0F4B-4770-A190-B7821A28EF94, findElement {using=id, value=email}]
Capabilities {acceptInsecureCerts: false, browserName: Safari, browserVersion: 15.2, platformName: mac, safari:automaticInspection: false, safari:automaticProfiling: false, safari:diagnose: false, safari:platformBuildVersion: 21C52, safari:platformVersion: 12.1, safari:useSimulator: false, setWindowRect: true, strictFileInteractability: false, webkit:WebRTC: {DisableICECandidateFiltering: false, DisableInsecureMediaCapture: false}}
Session ID: 74973AEC-0F4B-4770-A190-B7821A28EF94</td></tr>
<tr class="b">
<td></td>
<td>
<div id="testUserLoginFail-error">seleniumwebapptesting.safari.UserAccountSafariTest:140</div></td></tr>
<tr class="a">
<td><figure><img src="images/icon_error_sml.gif" alt="" /></figure></td>
<td><a name="seleniumwebapptesting.safari.SortAndFilterSafariTest.testSortingByPrice"></a>testSortingByPrice</td></tr>
<tr class="b">
<td></td>
<td>java.lang.AssertionError: Prices are not in ascending order</td></tr>
<tr class="a">
<td></td>
<td>
<div id="testSortingByPrice-failure">seleniumwebapptesting.safari.SortAndFilterSafariTest:52</div></td></tr></table><br /></section>
      </div>
    </div>
    <div class="clear">
      <hr/>
    </div>
    <div id="footer">
      <div class="xright">
        Copyright &#169;      2023..      </div>
      <div class="clear">
        <hr/>
      </div>
    </div>
  </body>
</html>
